#
# There is insufficient memory for the Java Runtime Environment to continue.
# Native memory allocation (malloc) failed to allocate 54896 bytes for Chunk::new
# Possible reasons:
#   The system is out of physical RAM or swap space
#   The process is running with CompressedOops enabled, and the Java Heap may be blocking the growth of the native heap
# Possible solutions:
#   Reduce memory load on the system
#   Increase physical memory or swap space
#   Check if swap backing store is full
#   Decrease Java heap size (-Xmx/-Xms)
#   Decrease number of Java threads
#   Decrease Java thread stack sizes (-Xss)
#   Set larger code cache with -XX:ReservedCodeCacheSize=
#   JVM is running with Unscaled Compressed Oops mode in which the Java heap is
#     placed in the first 4GB address space. The Java Heap base address is the
#     maximum limit for the native heap growth. Please use -XX:HeapBaseMinAddress
#     to set the Java Heap base and to place the Java Heap above 4GB virtual address.
# This output file may be truncated or incomplete.
#
#  Out of Memory Error (arena.cpp:168), pid=3916, tid=16388
#
# JRE version: Java(TM) SE Runtime Environment (21.0.2+13) (build 21.0.2+13-LTS-58)
# Java VM: Java HotSpot(TM) 64-Bit Server VM (21.0.2+13-LTS-58, mixed mode, sharing, tiered, compressed oops, compressed class ptrs, g1 gc, windows-amd64)
# No core dump will be written. Minidumps are not enabled by default on client versions of Windows
#

---------------  S U M M A R Y ------------

Command Line: --add-opens=java.base/java.util=ALL-UNNAMED --add-opens=java.base/java.lang=ALL-UNNAMED --add-opens=java.base/java.lang.invoke=ALL-UNNAMED --add-opens=java.prefs/java.util.prefs=ALL-UNNAMED --add-exports=jdk.compiler/com.sun.tools.javac.api=ALL-UNNAMED --add-exports=jdk.compiler/com.sun.tools.javac.util=ALL-UNNAMED --add-opens=java.base/java.nio.charset=ALL-UNNAMED --add-opens=java.base/java.net=ALL-UNNAMED --add-opens=java.base/java.util.concurrent.atomic=ALL-UNNAMED -Xmx2048m -Dfile.encoding=UTF-8 -Duser.country=IN -Duser.language=en -Duser.variant -javaagent:C:\Users\Admin\.gradle\wrapper\dists\gradle-8.10.2-all\7iv73wktx1xtkvlq19urqw1wm\gradle-8.10.2\lib\agents\gradle-instrumentation-agent-8.10.2.jar org.gradle.launcher.daemon.bootstrap.GradleDaemon 8.10.2

Host: Intel(R) Core(TM) i5-4210U CPU @ 1.70GHz, 4 cores, 7G,  Windows 10 , 64 bit Build 19041 (10.0.19041.5438)
Time: Sat Apr 12 21:40:07 2025 India Standard Time elapsed time: 27.093146 seconds (0d 0h 0m 27s)

---------------  T H R E A D  ---------------

Current thread (0x00000207777388b0):  JavaThread "C2 CompilerThread0" daemon [_thread_in_native, id=16388, stack(0x000000dd1dd00000,0x000000dd1de00000) (1024K)]


Current CompileTask:
C2:  27093 2536   !   4       java.util.zip.InflaterInputStream::read (129 bytes)

Stack: [0x000000dd1dd00000,0x000000dd1de00000]
Native frames: (J=compiled Java code, j=interpreted, Vv=VM code, C=native code)
V  [jvm.dll+0x6cade9]
V  [jvm.dll+0x8569c1]
V  [jvm.dll+0x858d2e]
V  [jvm.dll+0x859413]
V  [jvm.dll+0x280e56]
V  [jvm.dll+0xc3f3d]
V  [jvm.dll+0xc4473]
V  [jvm.dll+0x5d5ad9]
V  [jvm.dll+0x382884]
V  [jvm.dll+0x381cca]
V  [jvm.dll+0x249bd0]
V  [jvm.dll+0x2491b1]
V  [jvm.dll+0x1c9634]
V  [jvm.dll+0x258859]
V  [jvm.dll+0x256e3a]
V  [jvm.dll+0x3ef6c6]
V  [jvm.dll+0x7ff568]
V  [jvm.dll+0x6c953d]
C  [ucrtbase.dll+0x21bb2]
C  [KERNEL32.DLL+0x17374]
C  [ntdll.dll+0x4cc91]


---------------  P R O C E S S  ---------------

Threads class SMR info:
_java_thread_list=0x000002077c715dc0, length=21, elements={
0x000002076a5fe810, 0x0000020777730f00, 0x0000020777731d20, 0x0000020777733af0,
0x0000020777736660, 0x00000207777370c0, 0x0000020777737b20, 0x00000207777388b0,
0x0000020777759d90, 0x00000207778b3880, 0x00000207779eab20, 0x000002077c766490,
0x000002077c90f990, 0x000002077c11b6b0, 0x000002077d4bf7c0, 0x000002077c888ca0,
0x000002077c5f67f0, 0x000002077c731be0, 0x000002077c732270, 0x000002077c731550,
0x000002077c730830
}

Java Threads: ( => current thread )
  0x000002076a5fe810 JavaThread "main"                              [_thread_blocked, id=8500, stack(0x000000dd1cf00000,0x000000dd1d000000) (1024K)]
  0x0000020777730f00 JavaThread "Reference Handler"          daemon [_thread_blocked, id=18296, stack(0x000000dd1d700000,0x000000dd1d800000) (1024K)]
  0x0000020777731d20 JavaThread "Finalizer"                  daemon [_thread_blocked, id=7136, stack(0x000000dd1d800000,0x000000dd1d900000) (1024K)]
  0x0000020777733af0 JavaThread "Signal Dispatcher"          daemon [_thread_blocked, id=11624, stack(0x000000dd1d900000,0x000000dd1da00000) (1024K)]
  0x0000020777736660 JavaThread "Attach Listener"            daemon [_thread_blocked, id=12388, stack(0x000000dd1da00000,0x000000dd1db00000) (1024K)]
  0x00000207777370c0 JavaThread "Service Thread"             daemon [_thread_blocked, id=2212, stack(0x000000dd1db00000,0x000000dd1dc00000) (1024K)]
  0x0000020777737b20 JavaThread "Monitor Deflation Thread"   daemon [_thread_blocked, id=12108, stack(0x000000dd1dc00000,0x000000dd1dd00000) (1024K)]
=>0x00000207777388b0 JavaThread "C2 CompilerThread0"         daemon [_thread_in_native, id=16388, stack(0x000000dd1dd00000,0x000000dd1de00000) (1024K)]
  0x0000020777759d90 JavaThread "C1 CompilerThread0"         daemon [_thread_blocked, id=18156, stack(0x000000dd1de00000,0x000000dd1df00000) (1024K)]
  0x00000207778b3880 JavaThread "Common-Cleaner"             daemon [_thread_blocked, id=9380, stack(0x000000dd1df00000,0x000000dd1e000000) (1024K)]
  0x00000207779eab20 JavaThread "Notification Thread"        daemon [_thread_blocked, id=17280, stack(0x000000dd1e000000,0x000000dd1e100000) (1024K)]
  0x000002077c766490 JavaThread "Daemon health stats"               [_thread_blocked, id=12192, stack(0x000000dd1e400000,0x000000dd1e500000) (1024K)]
  0x000002077c90f990 JavaThread "Incoming local TCP Connector on port 59308"        [_thread_in_native, id=16644, stack(0x000000dd1e500000,0x000000dd1e600000) (1024K)]
  0x000002077c11b6b0 JavaThread "Daemon periodic checks"            [_thread_blocked, id=6864, stack(0x000000dd1e600000,0x000000dd1e700000) (1024K)]
  0x000002077d4bf7c0 JavaThread "Daemon"                            [_thread_blocked, id=10260, stack(0x000000dd1e700000,0x000000dd1e800000) (1024K)]
  0x000002077c888ca0 JavaThread "Handler for socket connection from /127.0.0.1:59308 to /127.0.0.1:59309"        [_thread_in_native, id=14720, stack(0x000000dd1e800000,0x000000dd1e900000) (1024K)]
  0x000002077c5f67f0 JavaThread "Cancel handler"                    [_thread_blocked, id=11012, stack(0x000000dd1e900000,0x000000dd1ea00000) (1024K)]
  0x000002077c731be0 JavaThread "Daemon worker"                     [_thread_in_vm, id=10868, stack(0x000000dd1ea00000,0x000000dd1eb00000) (1024K)]
  0x000002077c732270 JavaThread "Asynchronous log dispatcher for DefaultDaemonConnection: socket connection from /127.0.0.1:59308 to /127.0.0.1:59309"        [_thread_blocked, id=17924, stack(0x000000dd1eb00000,0x000000dd1ec00000) (1024K)]
  0x000002077c731550 JavaThread "Stdin handler"                     [_thread_blocked, id=14456, stack(0x000000dd1ec00000,0x000000dd1ed00000) (1024K)]
  0x000002077c730830 JavaThread "Daemon client event forwarder"        [_thread_blocked, id=17332, stack(0x000000dd1ed00000,0x000000dd1ee00000) (1024K)]
Total: 21

Other Threads:
  0x000002077770ee70 VMThread "VM Thread"                           [id=8336, stack(0x000000dd1d600000,0x000000dd1d700000) (1024K)]
  0x00000207776fb8a0 WatcherThread "VM Periodic Task Thread"        [id=12824, stack(0x000000dd1d500000,0x000000dd1d600000) (1024K)]
  0x000002076a656540 WorkerThread "GC Thread#0"                     [id=6752, stack(0x000000dd1d000000,0x000000dd1d100000) (1024K)]
  0x0000020777b40500 WorkerThread "GC Thread#1"                     [id=16968, stack(0x000000dd1e100000,0x000000dd1e200000) (1024K)]
  0x0000020777b408a0 WorkerThread "GC Thread#2"                     [id=8524, stack(0x000000dd1e200000,0x000000dd1e300000) (1024K)]
  0x000002077c8055a0 WorkerThread "GC Thread#3"                     [id=14520, stack(0x000000dd1e300000,0x000000dd1e400000) (1024K)]
  0x000002076a667430 ConcurrentGCThread "G1 Main Marker"            [id=7920, stack(0x000000dd1d100000,0x000000dd1d200000) (1024K)]
  0x000002076a667ff0 WorkerThread "G1 Conc#0"                       [id=17728, stack(0x000000dd1d200000,0x000000dd1d300000) (1024K)]
  0x000002076a6ceb60 ConcurrentGCThread "G1 Refine#0"               [id=1480, stack(0x000000dd1d300000,0x000000dd1d400000) (1024K)]
  0x00000207775bb750 ConcurrentGCThread "G1 Service"                [id=17012, stack(0x000000dd1d400000,0x000000dd1d500000) (1024K)]
Total: 10

Threads with active compile tasks:
C2 CompilerThread0    27147 2536   !   4       java.util.zip.InflaterInputStream::read (129 bytes)
Total: 1

VM state: not at safepoint (normal execution)

VM Mutex/Monitor currently owned by a thread: None

Heap address: 0x0000000080000000, size: 2048 MB, Compressed Oops mode: 32-bit

CDS archive(s) mapped at: [0x000002070f000000-0x000002070fc90000-0x000002070fc90000), size 13172736, SharedBaseAddress: 0x000002070f000000, ArchiveRelocationMode: 1.
Compressed class space mapped at: 0x0000020710000000-0x0000020750000000, reserved size: 1073741824
Narrow klass base: 0x000002070f000000, Narrow klass shift: 0, Narrow klass range: 0x100000000

GC Precious Log:
 CardTable entry size: 512
 Card Set container configuration: InlinePtr #cards 5 size 8 Array Of Cards #cards 12 size 40 Howl #buckets 4 coarsen threshold 1843 Howl Bitmap #cards 512 size 80 coarsen threshold 460 Card regions per heap region 1 cards per card region 2048
 CPUs: 4 total, 4 available
 Memory: 8064M
 Large Page Support: Disabled
 NUMA Support: Disabled
 Compressed Oops: Enabled (32-bit)
 Heap Region Size: 1M
 Heap Min Capacity: 8M
 Heap Initial Capacity: 128M
 Heap Max Capacity: 2G
 Pre-touch: Disabled
 Parallel Workers: 4
 Concurrent Workers: 1
 Concurrent Refinement Workers: 4
 Periodic GC: Disabled

Heap:
 garbage-first heap   total 131072K, used 44431K [0x0000000080000000, 0x0000000100000000)
  region size 1024K, 37 young (37888K), 10 survivors (10240K)
 Metaspace       used 13668K, committed 14080K, reserved 1114112K
  class space    used 1805K, committed 1984K, reserved 1048576K

Heap Regions: E=young(eden), S=young(survivor), O=old, HS=humongous(starts), HC=humongous(continues), CS=collection set, F=free, TAMS=top-at-mark-start, PB=parsable bottom
|   0|0x0000000080000000, 0x0000000080100000, 0x0000000080100000|100%|HS|  |TAMS 0x0000000080000000| PB 0x0000000080000000| Complete 
|   1|0x0000000080100000, 0x0000000080200000, 0x0000000080200000|100%|HC|  |TAMS 0x0000000080100000| PB 0x0000000080100000| Complete 
|   2|0x0000000080200000, 0x0000000080300000, 0x0000000080300000|100%|HC|  |TAMS 0x0000000080200000| PB 0x0000000080200000| Complete 
|   3|0x0000000080300000, 0x0000000080400000, 0x0000000080400000|100%|HC|  |TAMS 0x0000000080300000| PB 0x0000000080300000| Complete 
|   4|0x0000000080400000, 0x0000000080500000, 0x0000000080500000|100%| O|  |TAMS 0x0000000080400000| PB 0x0000000080400000| Untracked 
|   5|0x0000000080500000, 0x0000000080600000, 0x0000000080600000|100%| O|  |TAMS 0x0000000080500000| PB 0x0000000080500000| Untracked 
|   6|0x0000000080600000, 0x0000000080700000, 0x0000000080700000|100%| O|  |TAMS 0x0000000080600000| PB 0x0000000080600000| Untracked 
|   7|0x0000000080700000, 0x0000000080763c20, 0x0000000080800000| 38%| O|  |TAMS 0x0000000080700000| PB 0x0000000080700000| Untracked 
|   8|0x0000000080800000, 0x0000000080900000, 0x0000000080900000|100%|HS|  |TAMS 0x0000000080800000| PB 0x0000000080800000| Complete 
|   9|0x0000000080900000, 0x0000000080900000, 0x0000000080a00000|  0%| F|  |TAMS 0x0000000080900000| PB 0x0000000080900000| Untracked 
|  10|0x0000000080a00000, 0x0000000080a00000, 0x0000000080b00000|  0%| F|  |TAMS 0x0000000080a00000| PB 0x0000000080a00000| Untracked 
|  11|0x0000000080b00000, 0x0000000080b00000, 0x0000000080c00000|  0%| F|  |TAMS 0x0000000080b00000| PB 0x0000000080b00000| Untracked 
|  12|0x0000000080c00000, 0x0000000080c00000, 0x0000000080d00000|  0%| F|  |TAMS 0x0000000080c00000| PB 0x0000000080c00000| Untracked 
|  13|0x0000000080d00000, 0x0000000080d00000, 0x0000000080e00000|  0%| F|  |TAMS 0x0000000080d00000| PB 0x0000000080d00000| Untracked 
|  14|0x0000000080e00000, 0x0000000080e00000, 0x0000000080f00000|  0%| F|  |TAMS 0x0000000080e00000| PB 0x0000000080e00000| Untracked 
|  15|0x0000000080f00000, 0x0000000080f00000, 0x0000000081000000|  0%| F|  |TAMS 0x0000000080f00000| PB 0x0000000080f00000| Untracked 
|  16|0x0000000081000000, 0x0000000081000000, 0x0000000081100000|  0%| F|  |TAMS 0x0000000081000000| PB 0x0000000081000000| Untracked 
|  17|0x0000000081100000, 0x0000000081100000, 0x0000000081200000|  0%| F|  |TAMS 0x0000000081100000| PB 0x0000000081100000| Untracked 
|  18|0x0000000081200000, 0x0000000081200000, 0x0000000081300000|  0%| F|  |TAMS 0x0000000081200000| PB 0x0000000081200000| Untracked 
|  19|0x0000000081300000, 0x0000000081300000, 0x0000000081400000|  0%| F|  |TAMS 0x0000000081300000| PB 0x0000000081300000| Untracked 
|  20|0x0000000081400000, 0x0000000081400000, 0x0000000081500000|  0%| F|  |TAMS 0x0000000081400000| PB 0x0000000081400000| Untracked 
|  21|0x0000000081500000, 0x0000000081500000, 0x0000000081600000|  0%| F|  |TAMS 0x0000000081500000| PB 0x0000000081500000| Untracked 
|  22|0x0000000081600000, 0x0000000081600000, 0x0000000081700000|  0%| F|  |TAMS 0x0000000081600000| PB 0x0000000081600000| Untracked 
|  23|0x0000000081700000, 0x0000000081700000, 0x0000000081800000|  0%| F|  |TAMS 0x0000000081700000| PB 0x0000000081700000| Untracked 
|  24|0x0000000081800000, 0x0000000081800000, 0x0000000081900000|  0%| F|  |TAMS 0x0000000081800000| PB 0x0000000081800000| Untracked 
|  25|0x0000000081900000, 0x0000000081900000, 0x0000000081a00000|  0%| F|  |TAMS 0x0000000081900000| PB 0x0000000081900000| Untracked 
|  26|0x0000000081a00000, 0x0000000081a00000, 0x0000000081b00000|  0%| F|  |TAMS 0x0000000081a00000| PB 0x0000000081a00000| Untracked 
|  27|0x0000000081b00000, 0x0000000081b00000, 0x0000000081c00000|  0%| F|  |TAMS 0x0000000081b00000| PB 0x0000000081b00000| Untracked 
|  28|0x0000000081c00000, 0x0000000081c00000, 0x0000000081d00000|  0%| F|  |TAMS 0x0000000081c00000| PB 0x0000000081c00000| Untracked 
|  29|0x0000000081d00000, 0x0000000081d00000, 0x0000000081e00000|  0%| F|  |TAMS 0x0000000081d00000| PB 0x0000000081d00000| Untracked 
|  30|0x0000000081e00000, 0x0000000081e00000, 0x0000000081f00000|  0%| F|  |TAMS 0x0000000081e00000| PB 0x0000000081e00000| Untracked 
|  31|0x0000000081f00000, 0x0000000081f00000, 0x0000000082000000|  0%| F|  |TAMS 0x0000000081f00000| PB 0x0000000081f00000| Untracked 
|  32|0x0000000082000000, 0x0000000082000000, 0x0000000082100000|  0%| F|  |TAMS 0x0000000082000000| PB 0x0000000082000000| Untracked 
|  33|0x0000000082100000, 0x0000000082100000, 0x0000000082200000|  0%| F|  |TAMS 0x0000000082100000| PB 0x0000000082100000| Untracked 
|  34|0x0000000082200000, 0x0000000082200000, 0x0000000082300000|  0%| F|  |TAMS 0x0000000082200000| PB 0x0000000082200000| Untracked 
|  35|0x0000000082300000, 0x0000000082300000, 0x0000000082400000|  0%| F|  |TAMS 0x0000000082300000| PB 0x0000000082300000| Untracked 
|  36|0x0000000082400000, 0x0000000082400000, 0x0000000082500000|  0%| F|  |TAMS 0x0000000082400000| PB 0x0000000082400000| Untracked 
|  37|0x0000000082500000, 0x0000000082500000, 0x0000000082600000|  0%| F|  |TAMS 0x0000000082500000| PB 0x0000000082500000| Untracked 
|  38|0x0000000082600000, 0x0000000082600000, 0x0000000082700000|  0%| F|  |TAMS 0x0000000082600000| PB 0x0000000082600000| Untracked 
|  39|0x0000000082700000, 0x0000000082700000, 0x0000000082800000|  0%| F|  |TAMS 0x0000000082700000| PB 0x0000000082700000| Untracked 
|  40|0x0000000082800000, 0x0000000082800000, 0x0000000082900000|  0%| F|  |TAMS 0x0000000082800000| PB 0x0000000082800000| Untracked 
|  41|0x0000000082900000, 0x0000000082900000, 0x0000000082a00000|  0%| F|  |TAMS 0x0000000082900000| PB 0x0000000082900000| Untracked 
|  42|0x0000000082a00000, 0x0000000082b00000, 0x0000000082b00000|100%| S|CS|TAMS 0x0000000082a00000| PB 0x0000000082a00000| Complete 
|  43|0x0000000082b00000, 0x0000000082c00000, 0x0000000082c00000|100%| S|CS|TAMS 0x0000000082b00000| PB 0x0000000082b00000| Complete 
|  44|0x0000000082c00000, 0x0000000082d00000, 0x0000000082d00000|100%| S|CS|TAMS 0x0000000082c00000| PB 0x0000000082c00000| Complete 
|  45|0x0000000082d00000, 0x0000000082e00000, 0x0000000082e00000|100%| S|CS|TAMS 0x0000000082d00000| PB 0x0000000082d00000| Complete 
|  46|0x0000000082e00000, 0x0000000082f00000, 0x0000000082f00000|100%| S|CS|TAMS 0x0000000082e00000| PB 0x0000000082e00000| Complete 
|  47|0x0000000082f00000, 0x0000000083000000, 0x0000000083000000|100%| S|CS|TAMS 0x0000000082f00000| PB 0x0000000082f00000| Complete 
|  48|0x0000000083000000, 0x0000000083100000, 0x0000000083100000|100%| S|CS|TAMS 0x0000000083000000| PB 0x0000000083000000| Complete 
|  49|0x0000000083100000, 0x0000000083200000, 0x0000000083200000|100%| S|CS|TAMS 0x0000000083100000| PB 0x0000000083100000| Complete 
|  50|0x0000000083200000, 0x0000000083300000, 0x0000000083300000|100%| S|CS|TAMS 0x0000000083200000| PB 0x0000000083200000| Complete 
|  51|0x0000000083300000, 0x0000000083400000, 0x0000000083400000|100%| S|CS|TAMS 0x0000000083300000| PB 0x0000000083300000| Complete 
|  52|0x0000000083400000, 0x0000000083400000, 0x0000000083500000|  0%| F|  |TAMS 0x0000000083400000| PB 0x0000000083400000| Untracked 
|  53|0x0000000083500000, 0x0000000083500000, 0x0000000083600000|  0%| F|  |TAMS 0x0000000083500000| PB 0x0000000083500000| Untracked 
|  54|0x0000000083600000, 0x0000000083600000, 0x0000000083700000|  0%| F|  |TAMS 0x0000000083600000| PB 0x0000000083600000| Untracked 
|  55|0x0000000083700000, 0x0000000083700000, 0x0000000083800000|  0%| F|  |TAMS 0x0000000083700000| PB 0x0000000083700000| Untracked 
|  56|0x0000000083800000, 0x0000000083800000, 0x0000000083900000|  0%| F|  |TAMS 0x0000000083800000| PB 0x0000000083800000| Untracked 
|  57|0x0000000083900000, 0x0000000083900000, 0x0000000083a00000|  0%| F|  |TAMS 0x0000000083900000| PB 0x0000000083900000| Untracked 
|  58|0x0000000083a00000, 0x0000000083a00000, 0x0000000083b00000|  0%| F|  |TAMS 0x0000000083a00000| PB 0x0000000083a00000| Untracked 
|  59|0x0000000083b00000, 0x0000000083b00000, 0x0000000083c00000|  0%| F|  |TAMS 0x0000000083b00000| PB 0x0000000083b00000| Untracked 
|  60|0x0000000083c00000, 0x0000000083c00000, 0x0000000083d00000|  0%| F|  |TAMS 0x0000000083c00000| PB 0x0000000083c00000| Untracked 
|  61|0x0000000083d00000, 0x0000000083d00000, 0x0000000083e00000|  0%| F|  |TAMS 0x0000000083d00000| PB 0x0000000083d00000| Untracked 
|  62|0x0000000083e00000, 0x0000000083e00000, 0x0000000083f00000|  0%| F|  |TAMS 0x0000000083e00000| PB 0x0000000083e00000| Untracked 
|  63|0x0000000083f00000, 0x0000000083f00000, 0x0000000084000000|  0%| F|  |TAMS 0x0000000083f00000| PB 0x0000000083f00000| Untracked 
|  64|0x0000000084000000, 0x0000000084000000, 0x0000000084100000|  0%| F|  |TAMS 0x0000000084000000| PB 0x0000000084000000| Untracked 
|  65|0x0000000084100000, 0x0000000084100000, 0x0000000084200000|  0%| F|  |TAMS 0x0000000084100000| PB 0x0000000084100000| Untracked 
|  66|0x0000000084200000, 0x0000000084200000, 0x0000000084300000|  0%| F|  |TAMS 0x0000000084200000| PB 0x0000000084200000| Untracked 
|  67|0x0000000084300000, 0x0000000084300000, 0x0000000084400000|  0%| F|  |TAMS 0x0000000084300000| PB 0x0000000084300000| Untracked 
|  68|0x0000000084400000, 0x0000000084400000, 0x0000000084500000|  0%| F|  |TAMS 0x0000000084400000| PB 0x0000000084400000| Untracked 
|  69|0x0000000084500000, 0x0000000084500000, 0x0000000084600000|  0%| F|  |TAMS 0x0000000084500000| PB 0x0000000084500000| Untracked 
|  70|0x0000000084600000, 0x0000000084600000, 0x0000000084700000|  0%| F|  |TAMS 0x0000000084600000| PB 0x0000000084600000| Untracked 
|  71|0x0000000084700000, 0x0000000084700000, 0x0000000084800000|  0%| F|  |TAMS 0x0000000084700000| PB 0x0000000084700000| Untracked 
|  72|0x0000000084800000, 0x0000000084800000, 0x0000000084900000|  0%| F|  |TAMS 0x0000000084800000| PB 0x0000000084800000| Untracked 
|  73|0x0000000084900000, 0x0000000084900000, 0x0000000084a00000|  0%| F|  |TAMS 0x0000000084900000| PB 0x0000000084900000| Untracked 
|  74|0x0000000084a00000, 0x0000000084a00000, 0x0000000084b00000|  0%| F|  |TAMS 0x0000000084a00000| PB 0x0000000084a00000| Untracked 
|  75|0x0000000084b00000, 0x0000000084b00000, 0x0000000084c00000|  0%| F|  |TAMS 0x0000000084b00000| PB 0x0000000084b00000| Untracked 
|  76|0x0000000084c00000, 0x0000000084c00000, 0x0000000084d00000|  0%| F|  |TAMS 0x0000000084c00000| PB 0x0000000084c00000| Untracked 
|  77|0x0000000084d00000, 0x0000000084d00000, 0x0000000084e00000|  0%| F|  |TAMS 0x0000000084d00000| PB 0x0000000084d00000| Untracked 
|  78|0x0000000084e00000, 0x0000000084e00000, 0x0000000084f00000|  0%| F|  |TAMS 0x0000000084e00000| PB 0x0000000084e00000| Untracked 
|  79|0x0000000084f00000, 0x0000000084f00000, 0x0000000085000000|  0%| F|  |TAMS 0x0000000084f00000| PB 0x0000000084f00000| Untracked 
|  80|0x0000000085000000, 0x0000000085000000, 0x0000000085100000|  0%| F|  |TAMS 0x0000000085000000| PB 0x0000000085000000| Untracked 
|  81|0x0000000085100000, 0x0000000085100000, 0x0000000085200000|  0%| F|  |TAMS 0x0000000085100000| PB 0x0000000085100000| Untracked 
|  82|0x0000000085200000, 0x0000000085200000, 0x0000000085300000|  0%| F|  |TAMS 0x0000000085200000| PB 0x0000000085200000| Untracked 
|  83|0x0000000085300000, 0x0000000085300000, 0x0000000085400000|  0%| F|  |TAMS 0x0000000085300000| PB 0x0000000085300000| Untracked 
|  84|0x0000000085400000, 0x0000000085400000, 0x0000000085500000|  0%| F|  |TAMS 0x0000000085400000| PB 0x0000000085400000| Untracked 
|  85|0x0000000085500000, 0x0000000085500000, 0x0000000085600000|  0%| F|  |TAMS 0x0000000085500000| PB 0x0000000085500000| Untracked 
|  86|0x0000000085600000, 0x0000000085600000, 0x0000000085700000|  0%| F|  |TAMS 0x0000000085600000| PB 0x0000000085600000| Untracked 
|  87|0x0000000085700000, 0x0000000085700000, 0x0000000085800000|  0%| F|  |TAMS 0x0000000085700000| PB 0x0000000085700000| Untracked 
|  88|0x0000000085800000, 0x0000000085800000, 0x0000000085900000|  0%| F|  |TAMS 0x0000000085800000| PB 0x0000000085800000| Untracked 
|  89|0x0000000085900000, 0x0000000085900000, 0x0000000085a00000|  0%| F|  |TAMS 0x0000000085900000| PB 0x0000000085900000| Untracked 
|  90|0x0000000085a00000, 0x0000000085a00000, 0x0000000085b00000|  0%| F|  |TAMS 0x0000000085a00000| PB 0x0000000085a00000| Untracked 
|  91|0x0000000085b00000, 0x0000000085b00000, 0x0000000085c00000|  0%| F|  |TAMS 0x0000000085b00000| PB 0x0000000085b00000| Untracked 
|  92|0x0000000085c00000, 0x0000000085c00000, 0x0000000085d00000|  0%| F|  |TAMS 0x0000000085c00000| PB 0x0000000085c00000| Untracked 
|  93|0x0000000085d00000, 0x0000000085d00000, 0x0000000085e00000|  0%| F|  |TAMS 0x0000000085d00000| PB 0x0000000085d00000| Untracked 
|  94|0x0000000085e00000, 0x0000000085e00000, 0x0000000085f00000|  0%| F|  |TAMS 0x0000000085e00000| PB 0x0000000085e00000| Untracked 
|  95|0x0000000085f00000, 0x0000000085f00000, 0x0000000086000000|  0%| F|  |TAMS 0x0000000085f00000| PB 0x0000000085f00000| Untracked 
|  96|0x0000000086000000, 0x0000000086000000, 0x0000000086100000|  0%| F|  |TAMS 0x0000000086000000| PB 0x0000000086000000| Untracked 
|  97|0x0000000086100000, 0x0000000086100000, 0x0000000086200000|  0%| F|  |TAMS 0x0000000086100000| PB 0x0000000086100000| Untracked 
|  98|0x0000000086200000, 0x0000000086200000, 0x0000000086300000|  0%| F|  |TAMS 0x0000000086200000| PB 0x0000000086200000| Untracked 
|  99|0x0000000086300000, 0x0000000086300000, 0x0000000086400000|  0%| F|  |TAMS 0x0000000086300000| PB 0x0000000086300000| Untracked 
| 100|0x0000000086400000, 0x0000000086400000, 0x0000000086500000|  0%| F|  |TAMS 0x0000000086400000| PB 0x0000000086400000| Untracked 
| 101|0x0000000086500000, 0x0000000086554fd8, 0x0000000086600000| 33%| E|  |TAMS 0x0000000086500000| PB 0x0000000086500000| Complete 
| 102|0x0000000086600000, 0x0000000086700000, 0x0000000086700000|100%| E|CS|TAMS 0x0000000086600000| PB 0x0000000086600000| Complete 
| 103|0x0000000086700000, 0x0000000086800000, 0x0000000086800000|100%| E|CS|TAMS 0x0000000086700000| PB 0x0000000086700000| Complete 
| 104|0x0000000086800000, 0x0000000086900000, 0x0000000086900000|100%| E|CS|TAMS 0x0000000086800000| PB 0x0000000086800000| Complete 
| 105|0x0000000086900000, 0x0000000086a00000, 0x0000000086a00000|100%| E|  |TAMS 0x0000000086900000| PB 0x0000000086900000| Complete 
| 106|0x0000000086a00000, 0x0000000086b00000, 0x0000000086b00000|100%| E|CS|TAMS 0x0000000086a00000| PB 0x0000000086a00000| Complete 
| 107|0x0000000086b00000, 0x0000000086c00000, 0x0000000086c00000|100%| E|CS|TAMS 0x0000000086b00000| PB 0x0000000086b00000| Complete 
| 108|0x0000000086c00000, 0x0000000086d00000, 0x0000000086d00000|100%| E|CS|TAMS 0x0000000086c00000| PB 0x0000000086c00000| Complete 
| 109|0x0000000086d00000, 0x0000000086e00000, 0x0000000086e00000|100%| E|CS|TAMS 0x0000000086d00000| PB 0x0000000086d00000| Complete 
| 110|0x0000000086e00000, 0x0000000086f00000, 0x0000000086f00000|100%| E|CS|TAMS 0x0000000086e00000| PB 0x0000000086e00000| Complete 
| 111|0x0000000086f00000, 0x0000000087000000, 0x0000000087000000|100%| E|CS|TAMS 0x0000000086f00000| PB 0x0000000086f00000| Complete 
| 112|0x0000000087000000, 0x0000000087100000, 0x0000000087100000|100%| E|CS|TAMS 0x0000000087000000| PB 0x0000000087000000| Complete 
| 113|0x0000000087100000, 0x0000000087200000, 0x0000000087200000|100%| E|CS|TAMS 0x0000000087100000| PB 0x0000000087100000| Complete 
| 114|0x0000000087200000, 0x0000000087300000, 0x0000000087300000|100%| E|CS|TAMS 0x0000000087200000| PB 0x0000000087200000| Complete 
| 115|0x0000000087300000, 0x0000000087400000, 0x0000000087400000|100%| E|CS|TAMS 0x0000000087300000| PB 0x0000000087300000| Complete 
| 116|0x0000000087400000, 0x0000000087500000, 0x0000000087500000|100%| E|CS|TAMS 0x0000000087400000| PB 0x0000000087400000| Complete 
| 117|0x0000000087500000, 0x0000000087600000, 0x0000000087600000|100%| E|CS|TAMS 0x0000000087500000| PB 0x0000000087500000| Complete 
| 118|0x0000000087600000, 0x0000000087700000, 0x0000000087700000|100%| E|CS|TAMS 0x0000000087600000| PB 0x0000000087600000| Complete 
| 119|0x0000000087700000, 0x0000000087800000, 0x0000000087800000|100%| E|CS|TAMS 0x0000000087700000| PB 0x0000000087700000| Complete 
| 120|0x0000000087800000, 0x0000000087900000, 0x0000000087900000|100%| E|CS|TAMS 0x0000000087800000| PB 0x0000000087800000| Complete 
| 121|0x0000000087900000, 0x0000000087a00000, 0x0000000087a00000|100%| E|CS|TAMS 0x0000000087900000| PB 0x0000000087900000| Complete 
| 122|0x0000000087a00000, 0x0000000087b00000, 0x0000000087b00000|100%| E|CS|TAMS 0x0000000087a00000| PB 0x0000000087a00000| Complete 
| 123|0x0000000087b00000, 0x0000000087c00000, 0x0000000087c00000|100%| E|CS|TAMS 0x0000000087b00000| PB 0x0000000087b00000| Complete 
| 124|0x0000000087c00000, 0x0000000087d00000, 0x0000000087d00000|100%| E|CS|TAMS 0x0000000087c00000| PB 0x0000000087c00000| Complete 
| 125|0x0000000087d00000, 0x0000000087e00000, 0x0000000087e00000|100%| E|CS|TAMS 0x0000000087d00000| PB 0x0000000087d00000| Complete 
| 126|0x0000000087e00000, 0x0000000087f00000, 0x0000000087f00000|100%| E|CS|TAMS 0x0000000087e00000| PB 0x0000000087e00000| Complete 
| 127|0x0000000087f00000, 0x0000000088000000, 0x0000000088000000|100%| E|CS|TAMS 0x0000000087f00000| PB 0x0000000087f00000| Complete 

Card table byte_map: [0x0000020772e70000,0x0000020773270000] _byte_map_base: 0x0000020772a70000

Marking Bits: (CMBitMap*) 0x000002076a656b50
 Bits: [0x0000020773270000, 0x0000020775270000)

Polling page: 0x00000207687a0000

Metaspace:

Usage:
  Non-class:     11.62 MB used.
      Class:      1.77 MB used.
       Both:     13.39 MB used.

Virtual space:
  Non-class space:       64.00 MB reserved,      11.81 MB ( 18%) committed,  1 nodes.
      Class space:        1.00 GB reserved,       1.94 MB ( <1%) committed,  1 nodes.
             Both:        1.06 GB reserved,      13.75 MB (  1%) committed. 

Chunk freelists:
   Non-Class:  3.38 MB
       Class:  14.08 MB
        Both:  17.45 MB

MaxMetaspaceSize: unlimited
CompressedClassSpaceSize: 1.00 GB
Initial GC threshold: 21.00 MB
Current GC threshold: 21.00 MB
CDS: on
 - commit_granule_bytes: 65536.
 - commit_granule_words: 8192.
 - virtual_space_node_default_size: 8388608.
 - enlarge_chunks_in_place: 1.
 - use_allocation_guard: 0.


Internal statistics:

num_allocs_failed_limit: 0.
num_arena_births: 432.
num_arena_deaths: 0.
num_vsnodes_births: 2.
num_vsnodes_deaths: 0.
num_space_committed: 220.
num_space_uncommitted: 0.
num_chunks_returned_to_freelist: 0.
num_chunks_taken_from_freelist: 866.
num_chunk_merges: 0.
num_chunk_splits: 553.
num_chunks_enlarged: 383.
num_inconsistent_stats: 0.

CodeHeap 'non-profiled nmethods': size=120000Kb used=1181Kb max_used=1181Kb free=118818Kb
 bounds [0x0000020707ad0000, 0x0000020707d40000, 0x000002070f000000]
CodeHeap 'profiled nmethods': size=120000Kb used=5039Kb max_used=5039Kb free=114960Kb
 bounds [0x0000020700000000, 0x00000207004f0000, 0x0000020707530000]
CodeHeap 'non-nmethods': size=5760Kb used=1454Kb max_used=1463Kb free=4305Kb
 bounds [0x0000020707530000, 0x00000207077a0000, 0x0000020707ad0000]
 total_blobs=3092 nmethods=2550 adapters=446
 compilation: enabled
              stopped_count=0, restarted_count=0
 full_count=0

Compilation events (20 events):
Event: 26.958 Thread 0x00000207777388b0 nmethod 2531 0x0000020707bf5e10 code [0x0000020707bf5fc0, 0x0000020707bf63a0]
Event: 27.047 Thread 0x0000020777759d90 2532       3       java.lang.invoke.MemberName::asSpecial (89 bytes)
Event: 27.048 Thread 0x0000020777759d90 nmethod 2532 0x00000207004ddf10 code [0x00000207004de1e0, 0x00000207004dee60]
Event: 27.049 Thread 0x0000020777759d90 2533       3       java.lang.invoke.MemberName::<init> (139 bytes)
Event: 27.050 Thread 0x0000020777759d90 nmethod 2533 0x00000207004df290 code [0x00000207004df5c0, 0x00000207004e0758]
Event: 27.054 Thread 0x0000020777759d90 2534       3       java.lang.invoke.MethodHandle::getApproximateCommonClassLoader (58 bytes)
Event: 27.055 Thread 0x00000207777388b0 2536   !   4       java.util.zip.InflaterInputStream::read (129 bytes)
Event: 27.056 Thread 0x0000020777759d90 nmethod 2534 0x00000207004e0c90 code [0x00000207004e0f00, 0x00000207004e1a40]
Event: 27.056 Thread 0x0000020777759d90 2535       3       java.lang.invoke.MethodHandle::keepsAlive (49 bytes)
Event: 27.057 Thread 0x0000020777759d90 nmethod 2535 0x00000207004e1e90 code [0x00000207004e2100, 0x00000207004e2c50]
Event: 27.060 Thread 0x0000020777759d90 2538       3       java.lang.invoke.InnerClassLambdaMetafactory::getOpcodeOffset (38 bytes)
Event: 27.061 Thread 0x0000020777759d90 nmethod 2538 0x00000207004e3010 code [0x00000207004e31e0, 0x00000207004e34b0]
Event: 27.071 Thread 0x0000020777759d90 2539       3       java.lang.invoke.DirectMethodHandle$Constructor::viewAsType (49 bytes)
Event: 27.072 Thread 0x0000020777759d90 nmethod 2539 0x00000207004e3590 code [0x00000207004e3740, 0x00000207004e3918]
Event: 27.084 Thread 0x0000020777759d90 2541       3       java.lang.invoke.MemberName::hashCode (43 bytes)
Event: 27.085 Thread 0x0000020777759d90 nmethod 2541 0x00000207004e3a10 code [0x00000207004e3c60, 0x00000207004e48b8]
Event: 27.085 Thread 0x0000020777759d90 2542       3       java.lang.Byte::hashCode (8 bytes)
Event: 27.085 Thread 0x0000020777759d90 nmethod 2542 0x00000207004e4c10 code [0x00000207004e4dc0, 0x00000207004e4f28]
Event: 27.085 Thread 0x0000020777759d90 2543       3       java.lang.Byte::hashCode (2 bytes)
Event: 27.085 Thread 0x0000020777759d90 nmethod 2543 0x00000207004e5010 code [0x00000207004e51a0, 0x00000207004e5290]

GC Heap History (6 events):
Event: 5.407 GC heap before
{Heap before GC invocations=0 (full 0):
 garbage-first heap   total 131072K, used 13312K [0x0000000080000000, 0x0000000100000000)
  region size 1024K, 13 young (13312K), 0 survivors (0K)
 Metaspace       used 813K, committed 960K, reserved 1114112K
  class space    used 67K, committed 128K, reserved 1048576K
}
Event: 5.600 GC heap after
{Heap after GC invocations=1 (full 0):
 garbage-first heap   total 131072K, used 1365K [0x0000000080000000, 0x0000000100000000)
  region size 1024K, 2 young (2048K), 2 survivors (2048K)
 Metaspace       used 813K, committed 960K, reserved 1114112K
  class space    used 67K, committed 128K, reserved 1048576K
}
Event: 10.623 GC heap before
{Heap before GC invocations=1 (full 0):
 garbage-first heap   total 131072K, used 23893K [0x0000000080000000, 0x0000000100000000)
  region size 1024K, 21 young (21504K), 2 survivors (2048K)
 Metaspace       used 3277K, committed 3392K, reserved 1114112K
  class space    used 417K, committed 448K, reserved 1048576K
}
Event: 10.631 GC heap after
{Heap after GC invocations=2 (full 0):
 garbage-first heap   total 131072K, used 10574K [0x0000000080000000, 0x0000000100000000)
  region size 1024K, 3 young (3072K), 3 survivors (3072K)
 Metaspace       used 3277K, committed 3392K, reserved 1114112K
  class space    used 417K, committed 448K, reserved 1048576K
}
Event: 20.721 GC heap before
{Heap before GC invocations=2 (full 0):
 garbage-first heap   total 131072K, used 86350K [0x0000000080000000, 0x0000000100000000)
  region size 1024K, 76 young (77824K), 3 survivors (3072K)
 Metaspace       used 7422K, committed 7680K, reserved 1114112K
  class space    used 973K, committed 1088K, reserved 1048576K
}
Event: 20.735 GC heap after
{Heap after GC invocations=3 (full 0):
 garbage-first heap   total 131072K, used 18831K [0x0000000080000000, 0x0000000100000000)
  region size 1024K, 10 young (10240K), 10 survivors (10240K)
 Metaspace       used 7422K, committed 7680K, reserved 1114112K
  class space    used 973K, committed 1088K, reserved 1048576K
}

Dll operation events (15 events):
Event: 0.399 Loaded shared library C:\Program Files\Java\jdk-21\bin\java.dll
Event: 2.399 Loaded shared library C:\Program Files\Java\jdk-21\bin\jsvml.dll
Event: 2.510 Loaded shared library C:\Program Files\Java\jdk-21\bin\zip.dll
Event: 2.521 Loaded shared library C:\Program Files\Java\jdk-21\bin\instrument.dll
Event: 2.535 Loaded shared library C:\Program Files\Java\jdk-21\bin\net.dll
Event: 2.551 Loaded shared library C:\Program Files\Java\jdk-21\bin\nio.dll
Event: 2.558 Loaded shared library C:\Program Files\Java\jdk-21\bin\zip.dll
Event: 6.433 Loaded shared library C:\Program Files\Java\jdk-21\bin\jimage.dll
Event: 8.613 Loaded shared library C:\Program Files\Java\jdk-21\bin\verify.dll
Event: 9.945 Loaded shared library C:\Users\Admin\.gradle\native\c067742578af261105cb4f569cf0c3c89f3d7b1fecec35dd04571415982c5e48\windows-amd64\native-platform.dll
Event: 9.961 Loaded shared library C:\Users\Admin\.gradle\native\100fb08df4bc3b14c8652ba06237920a3bd2aa13389f12d3474272988ae205f9\windows-amd64\native-platform-file-events.dll
Event: 19.936 Loaded shared library C:\Program Files\Java\jdk-21\bin\management.dll
Event: 19.971 Loaded shared library C:\Program Files\Java\jdk-21\bin\management_ext.dll
Event: 21.918 Loaded shared library C:\Program Files\Java\jdk-21\bin\extnet.dll
Event: 23.528 Loaded shared library C:\Program Files\Java\jdk-21\bin\sunmscapi.dll

Deoptimization events (20 events):
Event: 24.956 Thread 0x000002077c731be0 Uncommon trap: trap_request=0xffffff6e fr.pc=0x0000020707b8cec0 relative=0x0000000000000400
Event: 24.956 Thread 0x000002077c731be0 Uncommon trap: reason=loop_limit_check action=maybe_recompile pc=0x0000020707b8cec0 method=java.lang.StringLatin1.indexOf([BI[BII)I @ 37 c2
Event: 24.956 Thread 0x000002077c731be0 DEOPT PACKING pc=0x0000020707b8cec0 sp=0x000000dd1eafec10
Event: 24.956 Thread 0x000002077c731be0 DEOPT UNPACKING pc=0x00000207075846a2 sp=0x000000dd1eafeb70 mode 2
Event: 26.737 Thread 0x000002077c731be0 Uncommon trap: trap_request=0xffffffcc fr.pc=0x0000020707bef38c relative=0x000000000000034c
Event: 26.737 Thread 0x000002077c731be0 Uncommon trap: reason=intrinsic_or_type_checked_inlining action=make_not_entrant pc=0x0000020707bef38c method=java.util.Arrays.copyOf([Ljava/lang/Object;ILjava/lang/Class;)[Ljava/lang/Object; @ 35 c2
Event: 26.737 Thread 0x000002077c731be0 DEOPT PACKING pc=0x0000020707bef38c sp=0x000000dd1eafcc00
Event: 26.737 Thread 0x000002077c731be0 DEOPT UNPACKING pc=0x00000207075846a2 sp=0x000000dd1eafcb90 mode 2
Event: 26.861 Thread 0x000002077c731be0 Uncommon trap: trap_request=0xffffff45 fr.pc=0x0000020707b7b7c0 relative=0x00000000000001e0
Event: 26.861 Thread 0x000002077c731be0 Uncommon trap: reason=unstable_if action=reinterpret pc=0x0000020707b7b7c0 method=java.util.HashMap.getNode(Ljava/lang/Object;)Ljava/util/HashMap$Node; @ 66 c2
Event: 26.862 Thread 0x000002077c731be0 DEOPT PACKING pc=0x0000020707b7b7c0 sp=0x000000dd1eafc620
Event: 26.862 Thread 0x000002077c731be0 DEOPT UNPACKING pc=0x00000207075846a2 sp=0x000000dd1eafc540 mode 2
Event: 26.862 Thread 0x000002077c731be0 Uncommon trap: trap_request=0xffffff45 fr.pc=0x0000020707b59aa0 relative=0x00000000000001c0
Event: 26.862 Thread 0x000002077c731be0 Uncommon trap: reason=unstable_if action=reinterpret pc=0x0000020707b59aa0 method=java.util.HashMap.getNode(Ljava/lang/Object;)Ljava/util/HashMap$Node; @ 66 c2
Event: 26.862 Thread 0x000002077c731be0 DEOPT PACKING pc=0x0000020707b59aa0 sp=0x000000dd1eafc5c0
Event: 26.862 Thread 0x000002077c731be0 DEOPT UNPACKING pc=0x00000207075846a2 sp=0x000000dd1eafc540 mode 2
Event: 26.918 Thread 0x000002077c731be0 Uncommon trap: trap_request=0xffffff45 fr.pc=0x0000020707b8fac4 relative=0x0000000000000284
Event: 26.918 Thread 0x000002077c731be0 Uncommon trap: reason=unstable_if action=reinterpret pc=0x0000020707b8fac4 method=java.util.concurrent.ConcurrentHashMap.get(Ljava/lang/Object;)Ljava/lang/Object; @ 76 c2
Event: 26.918 Thread 0x000002077c731be0 DEOPT PACKING pc=0x0000020707b8fac4 sp=0x000000dd1eafbae0
Event: 26.918 Thread 0x000002077c731be0 DEOPT UNPACKING pc=0x00000207075846a2 sp=0x000000dd1eafba48 mode 2

Classes loaded (20 events):
Event: 26.870 Loading class sun/reflect/generics/tree/Wildcard
Event: 26.871 Loading class sun/reflect/generics/tree/Wildcard done
Event: 26.871 Loading class sun/reflect/generics/reflectiveObjects/WildcardTypeImpl
Event: 26.871 Loading class sun/reflect/generics/reflectiveObjects/WildcardTypeImpl done
Event: 26.877 Loading class java/lang/Deprecated
Event: 26.878 Loading class java/lang/Deprecated done
Event: 26.917 Loading class jdk/internal/vm/annotation/IntrinsicCandidate
Event: 26.918 Loading class jdk/internal/vm/annotation/IntrinsicCandidate done
Event: 26.921 Loading class java/util/stream/MatchOps$MatchKind
Event: 26.923 Loading class java/util/stream/MatchOps$MatchKind done
Event: 26.923 Loading class java/util/stream/MatchOps
Event: 26.924 Loading class java/util/stream/MatchOps done
Event: 26.924 Loading class java/util/stream/MatchOps$MatchOp
Event: 26.924 Loading class java/util/stream/MatchOps$MatchOp done
Event: 26.924 Loading class java/util/stream/MatchOps$BooleanTerminalSink
Event: 26.925 Loading class java/util/stream/MatchOps$BooleanTerminalSink done
Event: 26.925 Loading class java/util/stream/MatchOps$1MatchSink
Event: 26.925 Loading class java/util/stream/MatchOps$1MatchSink done
Event: 26.974 Loading class java/lang/TypeNotPresentException
Event: 26.975 Loading class java/lang/TypeNotPresentException done

Classes unloaded (0 events):
No events

Classes redefined (0 events):
No events

Internal exceptions (20 events):
Event: 20.802 Thread 0x000002076a5fe810 Exception <a 'java/lang/NoSuchMethodError'{0x0000000087e75cb0}: 'java.lang.Object java.lang.invoke.DirectMethodHandle$Holder.invokeVirtual(java.lang.Object, java.lang.Object, java.lang.Object, java.lang.Object, java.lang.Object, java.lang.Object, java.lang.Object)'> (0x0000000087e75cb0) 
thrown [s\open\src\hotspot\share\interpreter\linkResolver.cpp, line 773]
Event: 20.840 Thread 0x000002076a5fe810 Exception <a 'java/lang/NoSuchMethodError'{0x0000000087d048b8}: 'java.lang.Object java.lang.invoke.DirectMethodHandle$Holder.invokeVirtual(java.lang.Object, java.lang.Object, java.lang.Object, java.lang.Object, java.lang.Object, java.lang.Object, java.lang.Object, java.lang.Object, java.lang.Object)'> (0x0000000087d048b8) 
thrown [s\open\src\hotspot\share\interpreter\linkResolver.cpp, line 773]
Event: 21.689 Thread 0x000002076a5fe810 Exception <a 'java/lang/NoSuchMethodError'{0x0000000087b1d138}: 'java.lang.Object java.lang.invoke.DirectMethodHandle$Holder.invokeStaticInit(java.lang.Object, int, int, int, int)'> (0x0000000087b1d138) 
thrown [s\open\src\hotspot\share\interpreter\linkResolver.cpp, line 773]
Event: 21.823 Thread 0x000002076a5fe810 Exception <a 'java/lang/NoSuchMethodError'{0x0000000087b66ed0}: 'java.lang.Object java.lang.invoke.DirectMethodHandle$Holder.invokeStaticInit(java.lang.Object, java.lang.Object, int, int, int, int)'> (0x0000000087b66ed0) 
thrown [s\open\src\hotspot\share\interpreter\linkResolver.cpp, line 773]
Event: 23.307 Thread 0x000002076a5fe810 Exception <a 'java/io/IOException'{0x000000008788af48}> (0x000000008788af48) 
thrown [s\open\src\hotspot\share\prims\jni.cpp, line 520]
Event: 23.321 Thread 0x000002076a5fe810 Implicit null exception at 0x0000020707b555a4 to 0x0000020707b55c04
Event: 23.340 Thread 0x000002076a5fe810 Exception <a 'java/lang/NoSuchMethodError'{0x00000000878dd990}: 'java.lang.Object java.lang.invoke.DirectMethodHandle$Holder.newInvokeSpecial(java.lang.Object, java.lang.Object, java.lang.Object, java.lang.Object, java.lang.Object)'> (0x00000000878dd990) 
thrown [s\open\src\hotspot\share\interpreter\linkResolver.cpp, line 773]
Event: 24.418 Thread 0x000002077c888ca0 Exception <a 'java/lang/NoSuchMethodError'{0x00000000873191e0}: 'long java.lang.invoke.DirectMethodHandle$Holder.invokeSpecial(java.lang.Object, java.lang.Object)'> (0x00000000873191e0) 
thrown [s\open\src\hotspot\share\interpreter\linkResolver.cpp, line 773]
Event: 24.419 Thread 0x000002077c888ca0 Exception <a 'java/lang/NoSuchMethodError'{0x000000008731c5f8}: 'long java.lang.invoke.Invokers$Holder.invokeExact_MT(java.lang.Object, java.lang.Object)'> (0x000000008731c5f8) 
thrown [s\open\src\hotspot\share\interpreter\linkResolver.cpp, line 773]
Event: 24.524 Thread 0x000002077c888ca0 Exception <a 'java/lang/NoSuchMethodError'{0x0000000087342a58}: 'void java.lang.invoke.DirectMethodHandle$Holder.invokeSpecial(java.lang.Object, java.lang.Object, java.lang.Object)'> (0x0000000087342a58) 
thrown [s\open\src\hotspot\share\interpreter\linkResolver.cpp, line 773]
Event: 24.549 Thread 0x000002077c888ca0 Exception <a 'java/lang/NoSuchMethodError'{0x000000008736e918}: static Lorg/gradle/tooling/internal/provider/serialization/ClassLoaderDetails;.<clinit>()V> (0x000000008736e918) 
thrown [s\open\src\hotspot\share\prims\jni.cpp, line 1106]
Event: 24.559 Thread 0x000002077c888ca0 Exception <a 'java/lang/NoSuchMethodError'{0x0000000087388a88}: static Lorg/gradle/internal/classloader/ClassLoaderSpec;.<clinit>()V> (0x0000000087388a88) 
thrown [s\open\src\hotspot\share\prims\jni.cpp, line 1106]
Event: 24.561 Thread 0x000002077c888ca0 Exception <a 'java/lang/NoSuchMethodError'{0x0000000087392510}: static Lorg/gradle/tooling/internal/provider/serialization/WellKnownClassLoaderRegistry$KnownClassLoaderSpec;.<clinit>()V> (0x0000000087392510) 
thrown [s\open\src\hotspot\share\prims\jni.cpp, line 1106]
Event: 24.575 Thread 0x000002077c888ca0 Exception <a 'java/lang/NoSuchMethodError'{0x00000000873a8bc0}: static Lorg/gradle/tooling/internal/provider/serialization/ClientOwnedClassLoaderSpec;.<clinit>()V> (0x00000000873a8bc0) 
thrown [s\open\src\hotspot\share\prims\jni.cpp, line 1106]
Event: 25.619 Thread 0x000002077c731be0 Exception <a 'java/lang/NoSuchMethodError'{0x0000000086ffe0b0}: 'long java.lang.invoke.DirectMethodHandle$Holder.invokeInterface(java.lang.Object, java.lang.Object)'> (0x0000000086ffe0b0) 
thrown [s\open\src\hotspot\share\interpreter\linkResolver.cpp, line 773]
Event: 26.688 Thread 0x000002077c731be0 Exception <a 'java/lang/NoSuchMethodError'{0x0000000086a3d178}: 'void java.lang.invoke.DirectMethodHandle$Holder.invokeStatic(java.lang.Object, java.lang.Object)'> (0x0000000086a3d178) 
thrown [s\open\src\hotspot\share\interpreter\linkResolver.cpp, line 773]
Event: 26.705 Thread 0x000002077c731be0 Exception <a 'java/lang/NoSuchMethodError'{0x0000000086a7ef38}: 'java.lang.Object java.lang.invoke.DirectMethodHandle$Holder.invokeVirtual(java.lang.Object, java.lang.Object, java.lang.Object, java.lang.Object, java.lang.Object, java.lang.Object, java.lang.Object, java.lang.Object, java.lang.Object, java.lang.Object, java.lang.Object, java.lang.Object)'> (0x0000000086a7ef38) 
thrown [s\open\src\hotspot\share\interpreter\linkResolver.cpp, line 773]
Event: 26.708 Thread 0x000002077c731be0 Exception <a 'java/lang/NoSuchMethodError'{0x0000000086a83fa8}: 'java.lang.Object java.lang.invoke.DirectMethodHandle$Holder.invokeSpecial(java.lang.Object, java.lang.Object, java.lang.Object, java.lang.Object, java.lang.Object, java.lang.Object, java.lang.Object, java.lang.Object, java.lang.Object, java.lang.Object, java.lang.Object, java.lang.Object, java.lang.Object)'> (0x0000000086a83fa8) 
thrown [s\open\src\hotspot\share\interpreter\linkResolver.cpp, line 773]
Event: 26.931 Thread 0x000002077c731be0 Exception <a 'java/lang/NoSuchMethodError'{0x000000008686df48}: 'int java.lang.invoke.DirectMethodHandle$Holder.invokeVirtual(java.lang.Object, java.lang.Object, java.lang.Object)'> (0x000000008686df48) 
thrown [s\open\src\hotspot\share\interpreter\linkResolver.cpp, line 773]
Event: 27.082 Thread 0x000002077c731be0 Exception <a 'java/lang/NoSuchMethodError'{0x00000000866c7340}: 'java.lang.Object java.lang.invoke.DirectMethodHandle$Holder.newInvokeSpecial(java.lang.Object, java.lang.Object, java.lang.Object, java.lang.Object, java.lang.Object, java.lang.Object)'> (0x00000000866c7340) 
thrown [s\open\src\hotspot\share\interpreter\linkResolver.cpp, line 773]

ZGC Phase Switch (0 events):
No events

VM Operations (20 events):
Event: 20.795 Executing VM operation: HandshakeAllThreads (Deoptimize)
Event: 20.795 Executing VM operation: HandshakeAllThreads (Deoptimize) done
Event: 21.208 Executing VM operation: HandshakeAllThreads (Deoptimize)
Event: 21.208 Executing VM operation: HandshakeAllThreads (Deoptimize) done
Event: 21.805 Executing VM operation: HandshakeAllThreads (Deoptimize)
Event: 21.805 Executing VM operation: HandshakeAllThreads (Deoptimize) done
Event: 21.805 Executing VM operation: Cleanup
Event: 21.805 Executing VM operation: Cleanup done
Event: 22.809 Executing VM operation: Cleanup
Event: 22.809 Executing VM operation: Cleanup done
Event: 23.050 Executing VM operation: HandshakeAllThreads (Deoptimize)
Event: 23.050 Executing VM operation: HandshakeAllThreads (Deoptimize) done
Event: 23.443 Executing VM operation: HandshakeAllThreads (Deoptimize)
Event: 23.443 Executing VM operation: HandshakeAllThreads (Deoptimize) done
Event: 24.457 Executing VM operation: Cleanup
Event: 24.510 Executing VM operation: Cleanup done
Event: 25.515 Executing VM operation: Cleanup
Event: 25.608 Executing VM operation: Cleanup done
Event: 26.622 Executing VM operation: Cleanup
Event: 26.654 Executing VM operation: Cleanup done

Events (20 events):
Event: 0.906 Thread 0x0000020777730f00 Thread added: 0x0000020777730f00
Event: 0.907 Thread 0x0000020777731d20 Thread added: 0x0000020777731d20
Event: 0.908 Thread 0x0000020777733af0 Thread added: 0x0000020777733af0
Event: 0.908 Thread 0x0000020777736660 Thread added: 0x0000020777736660
Event: 0.908 Thread 0x00000207777370c0 Thread added: 0x00000207777370c0
Event: 0.909 Thread 0x0000020777737b20 Thread added: 0x0000020777737b20
Event: 0.909 Thread 0x00000207777388b0 Thread added: 0x00000207777388b0
Event: 0.989 Thread 0x0000020777759d90 Thread added: 0x0000020777759d90
Event: 1.354 Thread 0x00000207778b3880 Thread added: 0x00000207778b3880
Event: 2.842 Thread 0x00000207779eab20 Thread added: 0x00000207779eab20
Event: 20.327 Thread 0x000002077c766490 Thread added: 0x000002077c766490
Event: 22.685 Thread 0x000002077c90f990 Thread added: 0x000002077c90f990
Event: 23.406 Thread 0x000002077c11b6b0 Thread added: 0x000002077c11b6b0
Event: 23.725 Thread 0x000002077d4bf7c0 Thread added: 0x000002077d4bf7c0
Event: 23.908 Thread 0x000002077c888ca0 Thread added: 0x000002077c888ca0
Event: 24.693 Thread 0x000002077c5f67f0 Thread added: 0x000002077c5f67f0
Event: 24.868 Thread 0x000002077c731be0 Thread added: 0x000002077c731be0
Event: 24.983 Thread 0x000002077c732270 Thread added: 0x000002077c732270
Event: 25.000 Thread 0x000002077c731550 Thread added: 0x000002077c731550
Event: 25.141 Thread 0x000002077c730830 Thread added: 0x000002077c730830


Dynamic libraries:
0x00007ff61df00000 - 0x00007ff61df10000 	C:\Program Files\Java\jdk-21\bin\java.exe
0x00007ffb6d850000 - 0x00007ffb6da48000 	C:\Windows\SYSTEM32\ntdll.dll
0x00007ffb6b9a0000 - 0x00007ffb6ba62000 	C:\Windows\System32\KERNEL32.DLL
0x00007ffb6aef0000 - 0x00007ffb6b1ef000 	C:\Windows\System32\KERNELBASE.dll
0x00007ffb6b4b0000 - 0x00007ffb6b5b0000 	C:\Windows\System32\ucrtbase.dll
0x00007ffb66a00000 - 0x00007ffb66a19000 	C:\Program Files\Java\jdk-21\bin\jli.dll
0x00007ffb6d760000 - 0x00007ffb6d80f000 	C:\Windows\System32\ADVAPI32.dll
0x00007ffb6c5a0000 - 0x00007ffb6c63e000 	C:\Windows\System32\msvcrt.dll
0x00007ffb6cca0000 - 0x00007ffb6cd3f000 	C:\Windows\System32\sechost.dll
0x00007ffb6c750000 - 0x00007ffb6c873000 	C:\Windows\System32\RPCRT4.dll
0x00007ffb6b220000 - 0x00007ffb6b247000 	C:\Windows\System32\bcrypt.dll
0x00007ffb6cd70000 - 0x00007ffb6cf0d000 	C:\Windows\System32\USER32.dll
0x00007ffb6b1f0000 - 0x00007ffb6b212000 	C:\Windows\System32\win32u.dll
0x00007ffb6cd40000 - 0x00007ffb6cd6b000 	C:\Windows\System32\GDI32.dll
0x00007ffb6b650000 - 0x00007ffb6b76a000 	C:\Windows\System32\gdi32full.dll
0x00007ffb6b5b0000 - 0x00007ffb6b64d000 	C:\Windows\System32\msvcp_win.dll
0x00007ffb66a60000 - 0x00007ffb66a7b000 	C:\Program Files\Java\jdk-21\bin\VCRUNTIME140.dll
0x00007ffb60960000 - 0x00007ffb60bfa000 	C:\Windows\WinSxS\amd64_microsoft.windows.common-controls_6595b64144ccf1df_6.0.19041.4355_none_60b8b9eb71f62e16\COMCTL32.dll
0x00007ffb5d990000 - 0x00007ffb5d99a000 	C:\Windows\SYSTEM32\VERSION.dll
0x00007ffb6bc30000 - 0x00007ffb6bc5f000 	C:\Windows\System32\IMM32.DLL
0x00007ffb68470000 - 0x00007ffb6847c000 	C:\Program Files\Java\jdk-21\bin\vcruntime140_1.dll
0x00007ffb52830000 - 0x00007ffb528be000 	C:\Program Files\Java\jdk-21\bin\msvcp140.dll
0x00007ffb00270000 - 0x00007ffb00f87000 	C:\Program Files\Java\jdk-21\bin\server\jvm.dll
0x00007ffb6c640000 - 0x00007ffb6c6ab000 	C:\Windows\System32\WS2_32.dll
0x00007ffb6aca0000 - 0x00007ffb6aceb000 	C:\Windows\SYSTEM32\POWRPROF.dll
0x00007ffb61d40000 - 0x00007ffb61d67000 	C:\Windows\SYSTEM32\WINMM.dll
0x00007ffb6ac10000 - 0x00007ffb6ac22000 	C:\Windows\SYSTEM32\UMPDC.dll
0x00007ffb68d30000 - 0x00007ffb68d42000 	C:\Windows\SYSTEM32\kernel.appcore.dll
0x00007ffb68110000 - 0x00007ffb6811a000 	C:\Program Files\Java\jdk-21\bin\jimage.dll
0x00007ffb5c120000 - 0x00007ffb5c304000 	C:\Windows\SYSTEM32\DBGHELP.DLL
0x00007ffb58dd0000 - 0x00007ffb58e04000 	C:\Windows\SYSTEM32\dbgcore.DLL
0x00007ffb6b2c0000 - 0x00007ffb6b342000 	C:\Windows\System32\bcryptPrimitives.dll
0x00007ffb680f0000 - 0x00007ffb680ff000 	C:\Program Files\Java\jdk-21\bin\instrument.dll
0x00007ffb643f0000 - 0x00007ffb6440f000 	C:\Program Files\Java\jdk-21\bin\java.dll
0x00007ffb6bc60000 - 0x00007ffb6c3cd000 	C:\Windows\System32\SHELL32.dll
0x00007ffb68f30000 - 0x00007ffb696d4000 	C:\Windows\SYSTEM32\windows.storage.dll
0x00007ffb6c8e0000 - 0x00007ffb6cc35000 	C:\Windows\System32\combase.dll
0x00007ffb6a770000 - 0x00007ffb6a79b000 	C:\Windows\SYSTEM32\Wldp.dll
0x00007ffb6b870000 - 0x00007ffb6b93d000 	C:\Windows\System32\OLEAUT32.dll
0x00007ffb6d150000 - 0x00007ffb6d1fd000 	C:\Windows\System32\SHCORE.dll
0x00007ffb6c880000 - 0x00007ffb6c8d5000 	C:\Windows\System32\shlwapi.dll
0x00007ffb6ae20000 - 0x00007ffb6ae45000 	C:\Windows\SYSTEM32\profapi.dll
0x00007ffb507d0000 - 0x00007ffb508a7000 	C:\Program Files\Java\jdk-21\bin\jsvml.dll
0x00007ffb643d0000 - 0x00007ffb643e8000 	C:\Program Files\Java\jdk-21\bin\zip.dll
0x00007ffb66b10000 - 0x00007ffb66b20000 	C:\Program Files\Java\jdk-21\bin\net.dll
0x00007ffb64a30000 - 0x00007ffb64b3a000 	C:\Windows\SYSTEM32\WINHTTP.dll
0x00007ffb6a550000 - 0x00007ffb6a5bc000 	C:\Windows\system32\mswsock.dll
0x00007ffb640a0000 - 0x00007ffb640b6000 	C:\Program Files\Java\jdk-21\bin\nio.dll
0x00007ffb66880000 - 0x00007ffb66890000 	C:\Program Files\Java\jdk-21\bin\verify.dll
0x00007ffb618e0000 - 0x00007ffb61907000 	C:\Users\Admin\.gradle\native\c067742578af261105cb4f569cf0c3c89f3d7b1fecec35dd04571415982c5e48\windows-amd64\native-platform.dll
0x00007ffb34560000 - 0x00007ffb346a4000 	C:\Users\Admin\.gradle\native\100fb08df4bc3b14c8652ba06237920a3bd2aa13389f12d3474272988ae205f9\windows-amd64\native-platform-file-events.dll
0x00007ffb67f80000 - 0x00007ffb67f8a000 	C:\Program Files\Java\jdk-21\bin\management.dll
0x00007ffb67f70000 - 0x00007ffb67f7b000 	C:\Program Files\Java\jdk-21\bin\management_ext.dll
0x00007ffb6cf10000 - 0x00007ffb6cf18000 	C:\Windows\System32\PSAPI.DLL
0x00007ffb6ab30000 - 0x00007ffb6ab48000 	C:\Windows\SYSTEM32\CRYPTSP.dll
0x00007ffb69e90000 - 0x00007ffb69ec8000 	C:\Windows\system32\rsaenh.dll
0x00007ffb6ada0000 - 0x00007ffb6adce000 	C:\Windows\SYSTEM32\USERENV.dll
0x00007ffb6a6e0000 - 0x00007ffb6a6ec000 	C:\Windows\SYSTEM32\CRYPTBASE.dll
0x00007ffb6a250000 - 0x00007ffb6a28b000 	C:\Windows\SYSTEM32\IPHLPAPI.DLL
0x00007ffb6c740000 - 0x00007ffb6c748000 	C:\Windows\System32\NSI.dll
0x00007ffb61fa0000 - 0x00007ffb61fa9000 	C:\Program Files\Java\jdk-21\bin\extnet.dll
0x00007ffb61f90000 - 0x00007ffb61f9e000 	C:\Program Files\Java\jdk-21\bin\sunmscapi.dll
0x00007ffb6b350000 - 0x00007ffb6b4ac000 	C:\Windows\System32\CRYPT32.dll
0x00007ffb6a7e0000 - 0x00007ffb6a807000 	C:\Windows\SYSTEM32\ncrypt.dll
0x00007ffb6a7a0000 - 0x00007ffb6a7db000 	C:\Windows\SYSTEM32\NTASN1.dll
0x00007ffb5aa30000 - 0x00007ffb5aa37000 	C:\Windows\system32\wshunix.dll

dbghelp: loaded successfully - version: 4.0.5 - missing functions: none
symbol engine: initialized successfully - sym options: 0x614 - pdb path: .;C:\Program Files\Java\jdk-21\bin;C:\Windows\SYSTEM32;C:\Windows\WinSxS\amd64_microsoft.windows.common-controls_6595b64144ccf1df_6.0.19041.4355_none_60b8b9eb71f62e16;C:\Program Files\Java\jdk-21\bin\server;C:\Users\Admin\.gradle\native\c067742578af261105cb4f569cf0c3c89f3d7b1fecec35dd04571415982c5e48\windows-amd64;C:\Users\Admin\.gradle\native\100fb08df4bc3b14c8652ba06237920a3bd2aa13389f12d3474272988ae205f9\windows-amd64

VM Arguments:
jvm_args: --add-opens=java.base/java.util=ALL-UNNAMED --add-opens=java.base/java.lang=ALL-UNNAMED --add-opens=java.base/java.lang.invoke=ALL-UNNAMED --add-opens=java.prefs/java.util.prefs=ALL-UNNAMED --add-exports=jdk.compiler/com.sun.tools.javac.api=ALL-UNNAMED --add-exports=jdk.compiler/com.sun.tools.javac.util=ALL-UNNAMED --add-opens=java.base/java.nio.charset=ALL-UNNAMED --add-opens=java.base/java.net=ALL-UNNAMED --add-opens=java.base/java.util.concurrent.atomic=ALL-UNNAMED -Xmx2048m -Dfile.encoding=UTF-8 -Duser.country=IN -Duser.language=en -Duser.variant -javaagent:C:\Users\Admin\.gradle\wrapper\dists\gradle-8.10.2-all\7iv73wktx1xtkvlq19urqw1wm\gradle-8.10.2\lib\agents\gradle-instrumentation-agent-8.10.2.jar 
java_command: org.gradle.launcher.daemon.bootstrap.GradleDaemon 8.10.2
java_class_path (initial): C:\Users\Admin\.gradle\wrapper\dists\gradle-8.10.2-all\7iv73wktx1xtkvlq19urqw1wm\gradle-8.10.2\lib\gradle-daemon-main-8.10.2.jar
Launcher Type: SUN_STANDARD

[Global flags]
     intx CICompilerCount                          = 3                                         {product} {ergonomic}
     uint ConcGCThreads                            = 1                                         {product} {ergonomic}
     uint G1ConcRefinementThreads                  = 4                                         {product} {ergonomic}
   size_t G1HeapRegionSize                         = 1048576                                   {product} {ergonomic}
    uintx GCDrainStackTargetSize                   = 64                                        {product} {ergonomic}
   size_t InitialHeapSize                          = 134217728                                 {product} {ergonomic}
   size_t MarkStackSize                            = 4194304                                   {product} {ergonomic}
   size_t MaxHeapSize                              = 2147483648                                {product} {command line}
   size_t MaxNewSize                               = 1287651328                                {product} {ergonomic}
   size_t MinHeapDeltaBytes                        = 1048576                                   {product} {ergonomic}
   size_t MinHeapSize                              = 8388608                                   {product} {ergonomic}
    uintx NonNMethodCodeHeapSize                   = 5832780                                {pd product} {ergonomic}
    uintx NonProfiledCodeHeapSize                  = 122912730                              {pd product} {ergonomic}
    uintx ProfiledCodeHeapSize                     = 122912730                              {pd product} {ergonomic}
    uintx ReservedCodeCacheSize                    = 251658240                              {pd product} {ergonomic}
     bool SegmentedCodeCache                       = true                                      {product} {ergonomic}
   size_t SoftMaxHeapSize                          = 2147483648                             {manageable} {ergonomic}
     bool UseCompressedOops                        = true                           {product lp64_product} {ergonomic}
     bool UseG1GC                                  = true                                      {product} {ergonomic}
     bool UseLargePagesIndividualAllocation        = false                                  {pd product} {ergonomic}

Logging:
Log output configuration:
 #0: stdout all=warning uptime,level,tags foldmultilines=false
 #1: stderr all=off uptime,level,tags foldmultilines=false

Environment Variables:
JAVA_HOME=C:\Program Files\Java\jdk-21
PATH=C:\Program Files\Common Files\Oracle\Java\javapath;C:\Windows\system32;C:\Windows;C:\Windows\System32\Wbem;C:\Windows\System32\WindowsPowerShell\v1.0\;C:\Windows\System32\OpenSSH\;C:\src\flutter\bin;C:\Program Files\nodejs\;C:\Users\Admin\AppData\Local\Pub\Cache\bin;C:\Users\Admin\AppData\Local\Android\Sdk\platform-tools;C:\Program Files\Java\jdk-21\bin;C:\Program Files\Git\cmd;C:\Program Files\MySQL\MySQL Shell 8.0\bin\;C:\Users\Admin\AppData\Local\Programs\Python\Python313\Scripts\;C:\Users\Admin\AppData\Local\Programs\Python\Python313\;C:\Users\Admin\AppData\Local\Microsoft\WindowsApps;C:\Users\Admin\AppData\Roaming\npm;C:\flutter\bin;C:\Users\Admin\AppData\Local\Programs\Microsoft VS Code\bin;C:\Program Files\MongoDB\Server\8.0\bin;C:\Program Files\mongosh-2.3.4-win32-x64\bin;D:\cursor\resources\app\bin
USERNAME=Admin
OS=Windows_NT
PROCESSOR_IDENTIFIER=Intel64 Family 6 Model 69 Stepping 1, GenuineIntel
TMP=C:\Users\Admin\AppData\Local\Temp
TEMP=C:\Users\Admin\AppData\Local\Temp




Periodic native trim disabled

---------------  S Y S T E M  ---------------

OS:
 Windows 10 , 64 bit Build 19041 (10.0.19041.5438)
OS uptime: 6 days 23:05 hours
Hyper-V role detected

CPU: total 4 (initial active 4) (2 cores per cpu, 2 threads per core) family 6 model 69 stepping 1 microcode 0x25, cx8, cmov, fxsr, ht, mmx, sse, sse2, sse3, ssse3, sse4.1, sse4.2, popcnt, lzcnt, tsc, tscinvbit, avx, avx2, aes, erms, clmul, bmi1, bmi2, fma, vzeroupper, clflush, hv, rdtscp, f16c
Processor Information for all 4 processors :
  Max Mhz: 2401, Current Mhz: 2401, Mhz Limit: 2401

Memory: 4k page, system-wide physical 8064M (332M free)
TotalPageFile size 17064M (AvailPageFile size 0M)
current process WorkingSet (physical memory assigned to process): 173M, peak: 173M
current process commit charge ("private bytes"): 246M, peak: 246M

vm_info: Java HotSpot(TM) 64-Bit Server VM (21.0.2+13-LTS-58) for windows-amd64 JRE (21.0.2+13-LTS-58), built on 2024-01-05T18:32:24Z by "mach5one" with MS VC++ 17.1 (VS2022)

END.
